
> ai-war@0.1.0 build
> next build

 ⚠ Warning: Next.js inferred your workspace root, but it may not be correct.
 We detected multiple lockfiles and selected the directory of /Users/admin/Desktop/ai-daejeon/package-lock.json as the root directory.
 To silence this warning, set `turbopack.root` in your Next.js config, or consider removing one of the lockfiles if it's not needed.
   See https://nextjs.org/docs/app/api-reference/config/next-config-js/turbopack#root-directory for more information.
 Detected additional lockfiles: 
   * /Users/admin/Desktop/ai-daejeon/frontend/package-lock.json

   ▲ Next.js 16.0.10 (Turbopack)
   - Environments: .env.local

   Creating an optimized production build ...
 ✓ Compiled successfully in 4.2s
   Running TypeScript ...
Failed to compile.

./lib/i18n/en.ts:3:14
Type error: Property '"tutorial.faction.finish"' is missing in type '{ 'menu.home': string; 'menu.myCards': string; 'menu.missions': string; 'menu.achievements': string; 'menu.encyclopedia': string; 'menu.story': string; 'menu.battle': string; 'menu.aiFaction': string; 'menu.research': string; ... 380 more ...; 'unique.history.pendingDesc': string; }' but required in type 'Translations'.

[0m [90m 1 |[39m [36mimport[39m { [33mTranslations[39m } [36mfrom[39m [32m'./types'[39m[33m;[39m
 [90m 2 |[39m
[31m[1m>[22m[39m[90m 3 |[39m [36mexport[39m [36mconst[39m en[33m:[39m [33mTranslations[39m [33m=[39m {
 [90m   |[39m              [31m[1m^[22m[39m
 [90m 4 |[39m     [90m// 메뉴[39m
 [90m 5 |[39m     [32m'menu.home'[39m[33m:[39m [32m'Home'[39m[33m,[39m [90m// Added[39m
 [90m 6 |[39m     [32m'menu.myCards'[39m[33m:[39m [32m'My Cards'[39m[33m,[39m [90m// Added[39m[0m
Next.js build worker exited with code: 1 and signal: null
